build/app/intermediates/manifest_merge_blame_file/debug/manifest-merger-blame-debug-report.txt
1<?xml version="1.0" encoding="utf-8"?>
2<manifest xmlns:android="http://schemas.android.com/apk/res/android"
3    package="com.mycompany.settingdashboard"
4    android:versionCode="1"
5    android:versionName="1.0.0" >
6
7    <uses-sdk
8        android:minSdkVersion="21"
9        android:targetSdkVersion="33" />
10    <!--
11         Flutter needs it to communicate with the running application
12         to allow setting breakpoints, to provide hot reload, etc.
13    -->
14    <uses-permission android:name="android.permission.INTERNET" />
14-->src/main/AndroidManifest.xml:5:13-74
14-->src/main/AndroidManifest.xml:5:30-72
15    <uses-permission android:name="android.permission.WRITE_EXTERNAL_STORAGE" />
15-->src/main/AndroidManifest.xml:6:9-84
15-->src/main/AndroidManifest.xml:6:26-82
16    <uses-permission android:name="android.permission.READ_EXTERNAL_STORAGE" />
16-->[:file_picker] AndroidManifest.xml:9:5-80
16-->[:file_picker] AndroidManifest.xml:9:22-77
17
18    <queries>
18-->[:file_picker] AndroidManifest.xml:11:5-17:15
19        <intent>
19-->[:file_picker] AndroidManifest.xml:12:9-16:18
20            <action android:name="android.intent.action.GET_CONTENT" />
20-->[:file_picker] AndroidManifest.xml:13:13-72
20-->[:file_picker] AndroidManifest.xml:13:21-69
21
22            <data android:mimeType="*/*" />
22-->src/main/AndroidManifest.xml:51:17-95
23        </intent>
24    </queries>
25
26    <uses-permission android:name="android.permission.ACCESS_NETWORK_STATE" />
26-->[:connectivity_plus] AndroidManifest.xml:9:5-79
26-->[:connectivity_plus] AndroidManifest.xml:9:22-76
27
28    <permission
28-->[androidx.core:core:1.10.1] AndroidManifest.xml:22:5-24:47
29        android:name="com.mycompany.settingdashboard.DYNAMIC_RECEIVER_NOT_EXPORTED_PERMISSION"
29-->[androidx.core:core:1.10.1] AndroidManifest.xml:23:9-81
30        android:protectionLevel="signature" />
30-->[androidx.core:core:1.10.1] AndroidManifest.xml:24:9-44
31
32    <uses-permission android:name="com.mycompany.settingdashboard.DYNAMIC_RECEIVER_NOT_EXPORTED_PERMISSION" />
32-->[androidx.core:core:1.10.1] AndroidManifest.xml:26:5-97
32-->[androidx.core:core:1.10.1] AndroidManifest.xml:26:22-94
33
34    <application
34-->src/main/AndroidManifest.xml:8:5-72:19
35        android:appComponentFactory="androidx.core.app.CoreComponentFactory"
35-->[androidx.core:core:1.10.1] AndroidManifest.xml:28:18-86
36        android:debuggable="true"
37        android:icon="@mipmap/ic_launcher"
37-->src/main/AndroidManifest.xml:11:9-43
38        android:label="settingDashboard"
38-->src/main/AndroidManifest.xml:9:9-41
39        android:requestLegacyExternalStorage="true" >
39-->src/main/AndroidManifest.xml:12:9-52
40        <activity
40-->src/main/AndroidManifest.xml:16:9-54:20
41            android:name="com.mycompany.settingdashboard.MainActivity"
41-->src/main/AndroidManifest.xml:17:13-41
42            android:configChanges="orientation|keyboardHidden|keyboard|screenSize|smallestScreenSize|locale|layoutDirection|fontScale|screenLayout|density|uiMode"
42-->src/main/AndroidManifest.xml:21:13-163
43            android:exported="true"
43-->src/main/AndroidManifest.xml:18:13-36
44            android:hardwareAccelerated="true"
44-->src/main/AndroidManifest.xml:22:13-47
45            android:launchMode="singleTop"
45-->src/main/AndroidManifest.xml:19:13-43
46            android:theme="@style/LaunchTheme"
46-->src/main/AndroidManifest.xml:20:13-47
47            android:windowSoftInputMode="adjustResize" >
47-->src/main/AndroidManifest.xml:23:13-55
48
49            <!--
50                 Specifies an Android theme to apply to this Activity as soon as
51                 the Android process has started. This theme is visible to the user
52                 while the Flutter UI initializes. After that, this theme continues
53                 to determine the Window background behind the Flutter UI.
54            -->
55            <meta-data
55-->src/main/AndroidManifest.xml:28:13-31:17
56                android:name="io.flutter.embedding.android.NormalTheme"
56-->src/main/AndroidManifest.xml:29:15-70
57                android:resource="@style/NormalTheme" />
57-->src/main/AndroidManifest.xml:30:15-52
58            <!--
59                 Displays an Android View that continues showing the launch screen
60                 Drawable until Flutter paints its first frame, then this splash
61                 screen fades out. A splash screen is useful to avoid any visual
62                 gap between the end of Android's launch screen and the painting of
63                 Flutter's first frame.
64            -->
65            <meta-data
65-->src/main/AndroidManifest.xml:37:13-40:17
66                android:name="io.flutter.embedding.android.SplashScreenDrawable"
66-->src/main/AndroidManifest.xml:38:15-79
67                android:resource="@drawable/launch_background" />
67-->src/main/AndroidManifest.xml:39:15-61
68
69            <intent-filter>
69-->src/main/AndroidManifest.xml:41:13-44:29
70                <action android:name="android.intent.action.MAIN" />
70-->src/main/AndroidManifest.xml:42:17-68
70-->src/main/AndroidManifest.xml:42:25-66
71
72                <category android:name="android.intent.category.LAUNCHER" />
72-->src/main/AndroidManifest.xml:43:17-76
72-->src/main/AndroidManifest.xml:43:27-74
73            </intent-filter>
74            <!-- Deep linking -->
75            <meta-data
75-->src/main/AndroidManifest.xml:46:13-90
76                android:name="flutter_deeplinking_enabled"
76-->src/main/AndroidManifest.xml:46:24-66
77                android:value="true" />
77-->src/main/AndroidManifest.xml:46:67-87
78
79            <intent-filter android:autoVerify="true" >
79-->src/main/AndroidManifest.xml:47:13-52:29
79-->src/main/AndroidManifest.xml:47:28-53
80                <action android:name="android.intent.action.VIEW" />
80-->src/main/AndroidManifest.xml:48:17-69
80-->src/main/AndroidManifest.xml:48:25-66
81
82                <category android:name="android.intent.category.DEFAULT" />
82-->src/main/AndroidManifest.xml:49:17-76
82-->src/main/AndroidManifest.xml:49:27-73
83                <category android:name="android.intent.category.BROWSABLE" />
83-->src/main/AndroidManifest.xml:50:17-78
83-->src/main/AndroidManifest.xml:50:27-75
84
85                <data
85-->src/main/AndroidManifest.xml:51:17-95
86                    android:host="settingdashboard.com"
86-->src/main/AndroidManifest.xml:51:57-92
87                    android:scheme="settingdashboard" />
87-->src/main/AndroidManifest.xml:51:23-56
88            </intent-filter>
89        </activity>
90
91        <provider
92            android:name="com.ko2ic.imagedownloader.FileProvider"
93            android:authorities="com.mycompany.settingdashboard.image_downloader.provider"
94            android:exported="false"
95            android:grantUriPermissions="true" >
96            <meta-data
96-->[:image_picker_android] AndroidManifest.xml:15:13-17:75
97                android:name="android.support.FILE_PROVIDER_PATHS"
97-->[:image_picker_android] AndroidManifest.xml:16:17-67
98                android:resource="@xml/provider_paths" />
98-->[:image_picker_android] AndroidManifest.xml:17:17-72
99        </provider>
100        <!--
101             Don't delete the meta-data below.
102             This is used by the Flutter tool to generate GeneratedPluginRegistrant.java
103        -->
104        <meta-data
104-->src/main/AndroidManifest.xml:66:9-68:33
105            android:name="flutterEmbedding"
105-->src/main/AndroidManifest.xml:67:13-44
106            android:value="2" />
106-->src/main/AndroidManifest.xml:68:13-30
107
108        <provider
108-->[:image_picker_android] AndroidManifest.xml:10:9-18:20
109            android:name="io.flutter.plugins.imagepicker.ImagePickerFileProvider"
109-->[:image_picker_android] AndroidManifest.xml:11:13-82
110            android:authorities="com.mycompany.settingdashboard.flutter.image_provider"
110-->[:image_picker_android] AndroidManifest.xml:12:13-74
111            android:exported="false"
111-->[:image_picker_android] AndroidManifest.xml:13:13-37
112            android:grantUriPermissions="true" >
112-->[:image_picker_android] AndroidManifest.xml:14:13-47
113            <meta-data
113-->[:image_picker_android] AndroidManifest.xml:15:13-17:75
114                android:name="android.support.FILE_PROVIDER_PATHS"
114-->[:image_picker_android] AndroidManifest.xml:16:17-67
115                android:resource="@xml/flutter_image_picker_file_paths" />
115-->[:image_picker_android] AndroidManifest.xml:17:17-72
116        </provider>
117
118        <activity
118-->[:url_launcher_android] AndroidManifest.xml:10:9-13:74
119            android:name="io.flutter.plugins.urllauncher.WebViewActivity"
119-->[:url_launcher_android] AndroidManifest.xml:11:13-74
120            android:exported="false"
120-->[:url_launcher_android] AndroidManifest.xml:12:13-37
121            android:theme="@android:style/Theme.NoTitleBar.Fullscreen" />
121-->[:url_launcher_android] AndroidManifest.xml:13:13-71
122
123        <uses-library
123-->[androidx.window:window:1.0.0-beta04] AndroidManifest.xml:25:9-27:40
124            android:name="androidx.window.extensions"
124-->[androidx.window:window:1.0.0-beta04] AndroidManifest.xml:26:13-54
125            android:required="false" />
125-->[androidx.window:window:1.0.0-beta04] AndroidManifest.xml:27:13-37
126        <uses-library
126-->[androidx.window:window:1.0.0-beta04] AndroidManifest.xml:28:9-30:40
127            android:name="androidx.window.sidecar"
127-->[androidx.window:window:1.0.0-beta04] AndroidManifest.xml:29:13-51
128            android:required="false" />
128-->[androidx.window:window:1.0.0-beta04] AndroidManifest.xml:30:13-37
129
130        <provider
130-->[androidx.profileinstaller:profileinstaller:1.3.0] AndroidManifest.xml:24:9-32:20
131            android:name="androidx.startup.InitializationProvider"
131-->[androidx.profileinstaller:profileinstaller:1.3.0] AndroidManifest.xml:25:13-67
132            android:authorities="com.mycompany.settingdashboard.androidx-startup"
132-->[androidx.profileinstaller:profileinstaller:1.3.0] AndroidManifest.xml:26:13-68
133            android:exported="false" >
133-->[androidx.profileinstaller:profileinstaller:1.3.0] AndroidManifest.xml:27:13-37
134            <meta-data
134-->[androidx.profileinstaller:profileinstaller:1.3.0] AndroidManifest.xml:29:13-31:52
135                android:name="androidx.profileinstaller.ProfileInstallerInitializer"
135-->[androidx.profileinstaller:profileinstaller:1.3.0] AndroidManifest.xml:30:17-85
136                android:value="androidx.startup" />
136-->[androidx.profileinstaller:profileinstaller:1.3.0] AndroidManifest.xml:31:17-49
137        </provider>
138
139        <receiver
139-->[androidx.profileinstaller:profileinstaller:1.3.0] AndroidManifest.xml:34:9-52:20
140            android:name="androidx.profileinstaller.ProfileInstallReceiver"
140-->[androidx.profileinstaller:profileinstaller:1.3.0] AndroidManifest.xml:35:13-76
141            android:directBootAware="false"
141-->[androidx.profileinstaller:profileinstaller:1.3.0] AndroidManifest.xml:36:13-44
142            android:enabled="true"
142-->[androidx.profileinstaller:profileinstaller:1.3.0] AndroidManifest.xml:37:13-35
143            android:exported="true"
143-->[androidx.profileinstaller:profileinstaller:1.3.0] AndroidManifest.xml:38:13-36
144            android:permission="android.permission.DUMP" >
144-->[androidx.profileinstaller:profileinstaller:1.3.0] AndroidManifest.xml:39:13-57
145            <intent-filter>
145-->[androidx.profileinstaller:profileinstaller:1.3.0] AndroidManifest.xml:40:13-42:29
146                <action android:name="androidx.profileinstaller.action.INSTALL_PROFILE" />
146-->[androidx.profileinstaller:profileinstaller:1.3.0] AndroidManifest.xml:41:17-91
146-->[androidx.profileinstaller:profileinstaller:1.3.0] AndroidManifest.xml:41:25-88
147            </intent-filter>
148            <intent-filter>
148-->[androidx.profileinstaller:profileinstaller:1.3.0] AndroidManifest.xml:43:13-45:29
149                <action android:name="androidx.profileinstaller.action.SKIP_FILE" />
149-->[androidx.profileinstaller:profileinstaller:1.3.0] AndroidManifest.xml:44:17-85
149-->[androidx.profileinstaller:profileinstaller:1.3.0] AndroidManifest.xml:44:25-82
150            </intent-filter>
151            <intent-filter>
151-->[androidx.profileinstaller:profileinstaller:1.3.0] AndroidManifest.xml:46:13-48:29
152                <action android:name="androidx.profileinstaller.action.SAVE_PROFILE" />
152-->[androidx.profileinstaller:profileinstaller:1.3.0] AndroidManifest.xml:47:17-88
152-->[androidx.profileinstaller:profileinstaller:1.3.0] AndroidManifest.xml:47:25-85
153            </intent-filter>
154            <intent-filter>
154-->[androidx.profileinstaller:profileinstaller:1.3.0] AndroidManifest.xml:49:13-51:29
155                <action android:name="androidx.profileinstaller.action.BENCHMARK_OPERATION" />
155-->[androidx.profileinstaller:profileinstaller:1.3.0] AndroidManifest.xml:50:17-95
155-->[androidx.profileinstaller:profileinstaller:1.3.0] AndroidManifest.xml:50:25-92
156            </intent-filter>
157        </receiver>
158    </application>
159
160</manifest>